<?xml version="1.0" encoding="UTF-8"?>
<testsuite errors="0" failures="0" file="helloworld_tests.py" name="helloworld_tests.HelloWorldTest-20191113113656" skipped="0" tests="1" time="0.003" timestamp="2019-11-13T11:36:56">
	<testcase classname="helloworld_tests.HelloWorldTest" file="src/unittest/python/helloworld_tests.py" line="7" name="test_should_issue_hello_world_message" time="0.003" timestamp="2019-11-13T11:36:56">
		<system-out>
<![CDATA[Hello World
]]>		</system-out>
		<system-err>
<![CDATA[]]>		</system-err>
	</testcase>
</testsuite>
